<?xml version="1.0" encoding="UTF-8"?>
<testng-results ignored="0" total="1" passed="1" failed="0" skipped="0">
  <reporter-output>
  </reporter-output>
  <suite started-at="2018-10-24T23:17:22Z" name="Suite" finished-at="2018-10-24T23:17:43Z" duration-ms="20946">
    <groups>
    </groups>
    <test started-at="2018-10-24T23:17:22Z" name="ChromeTest" finished-at="2018-10-24T23:17:43Z" duration-ms="20946">
      <class name="com.SampleProject.test.TC001_AmznKndlOrderTest">
        <test-method signature="baseTC001(java.lang.String, java.lang.String)[pri:0, instance:com.SampleProject.test.TC001_AmznKndlOrderTest@757277dc]" started-at="2018-10-24T23:17:22Z" name="baseTC001" finished-at="2018-10-24T23:17:43Z" duration-ms="20471" status="PASS">
          <params>
            <param index="0">
              <value>
                <![CDATA[https://www.amazon.ca/]]>
              </value>
            </param>
            <param index="1">
              <value>
                <![CDATA[chrome]]>
              </value>
            </param>
          </params>
          <reporter-output>
          </reporter-output>
        </test-method> <!-- baseTC001 -->
      </class> <!-- com.SampleProject.test.TC001_AmznKndlOrderTest -->
    </test> <!-- ChromeTest -->
  </suite> <!-- Suite -->
</testng-results>
